<?xml version="1.0" encoding="UTF-8"?>
<testng-results skipped="0" failed="0" ignored="0" total="2" passed="2">
  <reporter-output>
  </reporter-output>
  <suite name="Default suite" duration-ms="38201" started-at="2020-08-13T14:45:59Z" finished-at="2020-08-13T14:46:38Z">
    <groups>
    </groups>
    <test name="Default test" duration-ms="38201" started-at="2020-08-13T14:45:59Z" finished-at="2020-08-13T14:46:38Z">
      <class name="tests.Runner">
        <test-method status="PASS" signature="setup()[pri:0, instance:tests.Runner@59fa1d9b]" name="setup" is-config="true" duration-ms="13" started-at="2020-08-13T20:15:59Z" finished-at="2020-08-13T20:15:59Z">
          <reporter-output>
          </reporter-output>
        </test-method> <!-- setup -->
        <test-method status="PASS" signature="searchFlight()[pri:1, instance:tests.Runner@59fa1d9b]" name="searchFlight" duration-ms="32838" started-at="2020-08-13T20:15:59Z" finished-at="2020-08-13T20:16:32Z">
          <reporter-output>
          </reporter-output>
        </test-method> <!-- searchFlight -->
        <test-method status="PASS" signature="bookFlight()[pri:2, instance:tests.Runner@59fa1d9b]" name="bookFlight" duration-ms="5315" started-at="2020-08-13T20:16:32Z" finished-at="2020-08-13T20:16:38Z">
          <reporter-output>
          </reporter-output>
        </test-method> <!-- bookFlight -->
      </class> <!-- tests.Runner -->
    </test> <!-- Default test -->
  </suite> <!-- Default suite -->
</testng-results>
